Дата и время вызова функции: 2023-08-09 14:02:06.395198
Имя функции: hello_world
Вызвана с аргументами:
Возвращаемое значение: Hello World
---
Дата и время вызова функции: 2023-08-09 14:02:06.397591
Имя функции: summator
Вызвана с аргументами:
2
2
Возвращаемое значение: 4
---
Дата и время вызова функции: 2023-08-09 14:02:06.398590
Имя функции: div
Вызвана с аргументами:
6
2
Возвращаемое значение: 3.0
---
Дата и время вызова функции: 2023-08-09 14:02:06.399593
Имя функции: summator
Вызвана с аргументами:
4.3
2.2
Возвращаемое значение: 6.5
---
