Дата и время вызова функции: 2023-08-09 14:02:06.408301
Имя функции: hello_world
Вызвана с аргументами:
Возвращаемое значение: Hello World
---
Дата и время вызова функции: 2023-08-09 14:02:06.410979
Имя функции: summator
Вызвана с аргументами:
2
2
Возвращаемое значение: 4
---
Дата и время вызова функции: 2023-08-09 14:02:06.413328
Имя функции: div
Вызвана с аргументами:
6
2
Возвращаемое значение: 3.0
---
Дата и время вызова функции: 2023-08-09 14:02:06.414585
Имя функции: summator
Вызвана с аргументами:
4.3
2.2
Возвращаемое значение: 6.5
---
