Дата и время вызова функции: 2023-08-09 14:03:16.932330
Имя функции: hello_world
Вызвана с аргументами:
Возвращаемое значение: Hello World
---
Дата и время вызова функции: 2023-08-09 14:03:16.932527
Имя функции: summator
Вызвана с аргументами:
2
2
Возвращаемое значение: 4
---
Дата и время вызова функции: 2023-08-09 14:03:16.933525
Имя функции: div
Вызвана с аргументами:
6
2
Возвращаемое значение: 3.0
---
Дата и время вызова функции: 2023-08-09 14:03:16.935008
Имя функции: summator
Вызвана с аргументами:
4.3
2.2
Возвращаемое значение: 6.5
---
Дата и время вызова функции: 2023-08-09 14:03:16.944368
Имя функции: summator
Вызвана с аргументами:
0
0
Возвращаемое значение: 0
---
